{"numTotalTestSuites":123,"numPassedTestSuites":123,"numFailedTestSuites":0,"numPendingTestSuites":0,"numTotalTests":357,"numPassedTests":336,"numFailedTests":21,"numPendingTests":0,"numTodoTests":0,"startTime":1757210750758,"success":false,"testResults":[{"assertionResults":[{"ancestorTitles":["","BaseComponent Abstract Class","Basic Functionality"],"fullName":" BaseComponent Abstract Class Basic Functionality should be instantiable","status":"passed","title":"should be instantiable","duration":1,"failureMessages":[]},{"ancestorTitles":["","BaseComponent Abstract Class","Basic Functionality"],"fullName":" BaseComponent Abstract Class Basic Functionality should implement required abstract methods","status":"passed","title":"should implement required abstract methods","duration":0,"failureMessages":[]},{"ancestorTitles":["","BaseComponent Abstract Class","Basic Functionality"],"fullName":" BaseComponent Abstract Class Basic Functionality should have lifecycle methods","status":"passed","title":"should have lifecycle methods","duration":0,"failureMessages":[]},{"ancestorTitles":["","BaseComponent Abstract Class","Shadow DOM"],"fullName":" BaseComponent Abstract Class Shadow DOM should attach shadow root","status":"passed","title":"should attach shadow root","duration":1,"failureMessages":[]},{"ancestorTitles":["","BaseComponent Abstract Class","Shadow DOM"],"fullName":" BaseComponent Abstract Class Shadow DOM should create template element","status":"passed","title":"should create template element","duration":1,"failureMessages":[]},{"ancestorTitles":["","BaseComponent Abstract Class","Lifecycle"],"fullName":" BaseComponent Abstract Class Lifecycle should call renderComponent when connectedCallback is called","status":"passed","title":"should call renderComponent when connectedCallback is called","duration":0,"failureMessages":[]},{"ancestorTitles":["","BaseComponent Abstract Class","Lifecycle"],"fullName":" BaseComponent Abstract Class Lifecycle should call cleanup when disconnectedCallback is called","status":"passed","title":"should call cleanup when disconnectedCallback is called","duration":0,"failureMessages":[]},{"ancestorTitles":["","BaseComponent Abstract Class","Protected Methods"],"fullName":" BaseComponent Abstract Class Protected Methods should have attachEvents method","status":"passed","title":"should have attachEvents method","duration":0,"failureMessages":[]},{"ancestorTitles":["","BaseComponent Abstract Class","Protected Methods"],"fullName":" BaseComponent Abstract Class Protected Methods should have cleanup method","status":"passed","title":"should have cleanup method","duration":1,"failureMessages":[]},{"ancestorTitles":["","BaseComponent Abstract Class","Shadow DOM Rendering"],"fullName":" BaseComponent Abstract Class Shadow DOM Rendering should render component content to shadow DOM","status":"passed","title":"should render component content to shadow DOM","duration":0,"failureMessages":[]},{"ancestorTitles":["","BaseComponent Abstract Class","Shadow DOM Rendering"],"fullName":" BaseComponent Abstract Class Shadow DOM Rendering should include both styles and content in template","status":"passed","title":"should include both styles and content in template","duration":0,"failureMessages":[]},{"ancestorTitles":["","BaseComponent Abstract Class","Error Handling"],"fullName":" BaseComponent Abstract Class Error Handling should handle missing DOM gracefully","status":"passed","title":"should handle missing DOM gracefully","duration":0,"failureMessages":[]}],"startTime":1757210751569,"endTime":1757210751573,"status":"passed","message":"","name":"/Users/Zhuanz/Documents/project/bmad-link/tests/unit/components/base-component.test.ts"},{"assertionResults":[{"ancestorTitles":["","HelloWorld Component","Component Initialization"],"fullName":" HelloWorld Component Component Initialization should create HelloWorld component instance","status":"passed","title":"should create HelloWorld component instance","duration":0,"failureMessages":[]},{"ancestorTitles":["","HelloWorld Component","Component Initialization"],"fullName":" HelloWorld Component Component Initialization should have private properties with correct default values","status":"passed","title":"should have private properties with correct default values","duration":0,"failureMessages":[]},{"ancestorTitles":["","HelloWorld Component","render() method"],"fullName":" HelloWorld Component render() method should return correct HTML structure","status":"passed","title":"should return correct HTML structure","duration":1,"failureMessages":[]},{"ancestorTitles":["","HelloWorld Component","render() method"],"fullName":" HelloWorld Component render() method should include all required CSS classes","status":"passed","title":"should include all required CSS classes","duration":0,"failureMessages":[]},{"ancestorTitles":["","HelloWorld Component","render() method"],"fullName":" HelloWorld Component render() method should have proper semantic HTML structure","status":"passed","title":"should have proper semantic HTML structure","duration":0,"failureMessages":[]},{"ancestorTitles":["","HelloWorld Component","getStyles() method"],"fullName":" HelloWorld Component getStyles() method should return CSS styles as string","status":"passed","title":"should return CSS styles as string","duration":0,"failureMessages":[]},{"ancestorTitles":["","HelloWorld Component","getStyles() method"],"fullName":" HelloWorld Component getStyles() method should include all required CSS selectors","status":"passed","title":"should include all required CSS selectors","duration":1,"failureMessages":[]},{"ancestorTitles":["","HelloWorld Component","getStyles() method"],"fullName":" HelloWorld Component getStyles() method should include key styling properties","status":"passed","title":"should include key styling properties","duration":0,"failureMessages":[]},{"ancestorTitles":["","HelloWorld Component","getStyles() method"],"fullName":" HelloWorld Component getStyles() method should include responsive design styles","status":"passed","title":"should include responsive design styles","duration":0,"failureMessages":[]},{"ancestorTitles":["","HelloWorld Component","getStyles() method"],"fullName":" HelloWorld Component getStyles() method should include animation keyframes","status":"passed","title":"should include animation keyframes","duration":0,"failureMessages":[]},{"ancestorTitles":["","HelloWorld Component","getStyles() method"],"fullName":" HelloWorld Component getStyles() method should include gradient text styling","status":"passed","title":"should include gradient text styling","duration":0,"failureMessages":[]},{"ancestorTitles":["","HelloWorld Component","Lifecycle Methods"],"fullName":" HelloWorld Component Lifecycle Methods should call renderComponent when connectedCallback is called","status":"passed","title":"should call renderComponent when connectedCallback is called","duration":1,"failureMessages":[]},{"ancestorTitles":["","HelloWorld Component","Lifecycle Methods"],"fullName":" HelloWorld Component Lifecycle Methods should call cleanup when disconnectedCallback is called","status":"passed","title":"should call cleanup when disconnectedCallback is called","duration":0,"failureMessages":[]},{"ancestorTitles":["","HelloWorld Component","Shadow DOM Rendering"],"fullName":" HelloWorld Component Shadow DOM Rendering should attach shadow root with closed mode","status":"passed","title":"should attach shadow root with closed mode","duration":0,"failureMessages":[]},{"ancestorTitles":["","HelloWorld Component","Shadow DOM Rendering"],"fullName":" HelloWorld Component Shadow DOM Rendering should render component content to shadow DOM","status":"passed","title":"should render component content to shadow DOM","duration":0,"failureMessages":[]},{"ancestorTitles":["","HelloWorld Component","Shadow DOM Rendering"],"fullName":" HelloWorld Component Shadow DOM Rendering should include both styles and content in template","status":"passed","title":"should include both styles and content in template","duration":1,"failureMessages":[]},{"ancestorTitles":["","HelloWorld Component","Component Integration"],"fullName":" HelloWorld Component Component Integration should be registered as custom element","status":"passed","title":"should be registered as custom element","duration":0,"failureMessages":[]},{"ancestorTitles":["","HelloWorld Component","Component Integration"],"fullName":" HelloWorld Component Component Integration should extend BaseComponent","status":"passed","title":"should extend BaseComponent","duration":0,"failureMessages":[]},{"ancestorTitles":["","HelloWorld Component","Component Integration"],"fullName":" HelloWorld Component Component Integration should have required methods from BaseComponent interface","status":"passed","title":"should have required methods from BaseComponent interface","duration":0,"failureMessages":[]},{"ancestorTitles":["","HelloWorld Component","Content Accuracy"],"fullName":" HelloWorld Component Content Accuracy should display correct message text","status":"passed","title":"should display correct message text","duration":0,"failureMessages":[]},{"ancestorTitles":["","HelloWorld Component","Content Accuracy"],"fullName":" HelloWorld Component Content Accuracy should include bookmark emoji in logo","status":"passed","title":"should include bookmark emoji in logo","duration":0,"failureMessages":[]},{"ancestorTitles":["","HelloWorld Component","Content Accuracy"],"fullName":" HelloWorld Component Content Accuracy should have proper status indicator styling","status":"passed","title":"should have proper status indicator styling","duration":0,"failureMessages":[]},{"ancestorTitles":["","HelloWorld Component","Error Handling"],"fullName":" HelloWorld Component Error Handling should handle missing DOM gracefully","status":"passed","title":"should handle missing DOM gracefully","duration":1,"failureMessages":[]},{"ancestorTitles":["","HelloWorld Component","Performance Considerations"],"fullName":" HelloWorld Component Performance Considerations should generate styles only once per instance","status":"passed","title":"should generate styles only once per instance","duration":0,"failureMessages":[]},{"ancestorTitles":["","HelloWorld Component","Performance Considerations"],"fullName":" HelloWorld Component Performance Considerations should generate render output only once per call","status":"passed","title":"should generate render output only once per call","duration":0,"failureMessages":[]}],"startTime":1757210751573,"endTime":1757210751578,"status":"passed","message":"","name":"/Users/Zhuanz/Documents/project/bmad-link/tests/unit/components/hello-world.test.ts"},{"assertionResults":[{"ancestorTitles":["","Code Quality Validation Tests","ESLint Configuration Validation"],"fullName":" Code Quality Validation Tests ESLint Configuration Validation should validate root ESLint configuration exists","status":"passed","title":"should validate root ESLint configuration exists","duration":1,"failureMessages":[]},{"ancestorTitles":["","Code Quality Validation Tests","ESLint Configuration Validation"],"fullName":" Code Quality Validation Tests ESLint Configuration Validation should validate ESLint configuration contains required properties","status":"passed","title":"should validate ESLint configuration contains required properties","duration":1,"failureMessages":[]},{"ancestorTitles":["","Code Quality Validation Tests","ESLint Configuration Validation"],"fullName":" Code Quality Validation Tests ESLint Configuration Validation should validate ESLint has TypeScript-specific configuration","status":"passed","title":"should validate ESLint has TypeScript-specific configuration","duration":0,"failureMessages":[]},{"ancestorTitles":["","Code Quality Validation Tests","ESLint Configuration Validation"],"fullName":" Code Quality Validation Tests ESLint Configuration Validation should validate ESLint ignore patterns are present","status":"passed","title":"should validate ESLint ignore patterns are present","duration":0,"failureMessages":[]},{"ancestorTitles":["","Code Quality Validation Tests","Prettier Configuration Validation"],"fullName":" Code Quality Validation Tests Prettier Configuration Validation should validate Prettier configuration exists","status":"passed","title":"should validate Prettier configuration exists","duration":1,"failureMessages":[]},{"ancestorTitles":["","Code Quality Validation Tests","Prettier Configuration Validation"],"fullName":" Code Quality Validation Tests Prettier Configuration Validation should validate Prettier configuration has required properties","status":"passed","title":"should validate Prettier configuration has required properties","duration":0,"failureMessages":[]},{"ancestorTitles":["","Code Quality Validation Tests","Prettier Configuration Validation"],"fullName":" Code Quality Validation Tests Prettier Configuration Validation should validate Prettier configuration values are reasonable","status":"passed","title":"should validate Prettier configuration values are reasonable","duration":0,"failureMessages":[]},{"ancestorTitles":["","Code Quality Validation Tests","Package Scripts Validation"],"fullName":" Code Quality Validation Tests Package Scripts Validation should validate lint script exists in extension package.json","status":"passed","title":"should validate lint script exists in extension package.json","duration":0,"failureMessages":[]},{"ancestorTitles":["","Code Quality Validation Tests","Package Scripts Validation"],"fullName":" Code Quality Validation Tests Package Scripts Validation should validate format script exists in root package.json","status":"passed","title":"should validate format script exists in root package.json","duration":0,"failureMessages":[]},{"ancestorTitles":["","Code Quality Validation Tests","Package Scripts Validation"],"fullName":" Code Quality Validation Tests Package Scripts Validation should validate lint script targets TypeScript files","status":"passed","title":"should validate lint script targets TypeScript files","duration":1,"failureMessages":[]},{"ancestorTitles":["","Code Quality Validation Tests","Dependencies Validation"],"fullName":" Code Quality Validation Tests Dependencies Validation should validate ESLint dependencies are installed","status":"passed","title":"should validate ESLint dependencies are installed","duration":0,"failureMessages":[]},{"ancestorTitles":["","Code Quality Validation Tests","Dependencies Validation"],"fullName":" Code Quality Validation Tests Dependencies Validation should validate Prettier dependencies are installed","status":"passed","title":"should validate Prettier dependencies are installed","duration":0,"failureMessages":[]},{"ancestorTitles":["","Code Quality Validation Tests","Dependencies Validation"],"fullName":" Code Quality Validation Tests Dependencies Validation should validate dependency versions are reasonable","status":"passed","title":"should validate dependency versions are reasonable","duration":0,"failureMessages":[]},{"ancestorTitles":["","Code Quality Validation Tests","Code Quality Execution Validation"],"fullName":" Code Quality Validation Tests Code Quality Execution Validation should execute ESLint successfully","status":"passed","title":"should execute ESLint successfully","duration":1,"failureMessages":[]},{"ancestorTitles":["","Code Quality Validation Tests","Code Quality Execution Validation"],"fullName":" Code Quality Validation Tests Code Quality Execution Validation should execute Prettier check successfully","status":"passed","title":"should execute Prettier check successfully","duration":1,"failureMessages":[]},{"ancestorTitles":["","Code Quality Validation Tests","Code Quality Execution Validation"],"fullName":" Code Quality Validation Tests Code Quality Execution Validation should execute Prettier write successfully","status":"passed","title":"should execute Prettier write successfully","duration":0,"failureMessages":[]},{"ancestorTitles":["","Code Quality Validation Tests","Code Quality Execution Validation"],"fullName":" Code Quality Validation Tests Code Quality Execution Validation should handle ESLint errors gracefully","status":"passed","title":"should handle ESLint errors gracefully","duration":0,"failureMessages":[]},{"ancestorTitles":["","Code Quality Validation Tests","Code Quality Execution Validation"],"fullName":" Code Quality Validation Tests Code Quality Execution Validation should handle Prettier formatting errors gracefully","status":"passed","title":"should handle Prettier formatting errors gracefully","duration":0,"failureMessages":[]},{"ancestorTitles":["","Code Quality Validation Tests","Code Quality Rules Validation"],"fullName":" Code Quality Validation Tests Code Quality Rules Validation should validate ESLint content contains TypeScript rules","status":"passed","title":"should validate ESLint content contains TypeScript rules","duration":0,"failureMessages":[]},{"ancestorTitles":["","Code Quality Validation Tests","Code Quality Rules Validation"],"fullName":" Code Quality Validation Tests Code Quality Rules Validation should validate ESLint has strict rules enabled","status":"passed","title":"should validate ESLint has strict rules enabled","duration":0,"failureMessages":[]},{"ancestorTitles":["","Code Quality Validation Tests","Code Quality Rules Validation"],"fullName":" Code Quality Validation Tests Code Quality Rules Validation should validate ESLint has proper environment configuration","status":"passed","title":"should validate ESLint has proper environment configuration","duration":0,"failureMessages":[]},{"ancestorTitles":["","Code Quality Validation Tests","File Structure Validation"],"fullName":" Code Quality Validation Tests File Structure Validation should validate ESLint configuration files exist in expected locations","status":"passed","title":"should validate ESLint configuration files exist in expected locations","duration":0,"failureMessages":[]},{"ancestorTitles":["","Code Quality Validation Tests","File Structure Validation"],"fullName":" Code Quality Validation Tests File Structure Validation should validate source code directories exist for linting","status":"passed","title":"should validate source code directories exist for linting","duration":0,"failureMessages":[]},{"ancestorTitles":["","Code Quality Validation Tests","File Structure Validation"],"fullName":" Code Quality Validation Tests File Structure Validation should validate ignore patterns are effective","status":"passed","title":"should validate ignore patterns are effective","duration":0,"failureMessages":[]},{"ancestorTitles":["","Code Quality Validation Tests","Integration Validation"],"fullName":" Code Quality Validation Tests Integration Validation should validate ESLint and Prettier configurations are compatible","status":"passed","title":"should validate ESLint and Prettier configurations are compatible","duration":0,"failureMessages":[]},{"ancestorTitles":["","Code Quality Validation Tests","Integration Validation"],"fullName":" Code Quality Validation Tests Integration Validation should validate TypeScript integration is properly configured","status":"passed","title":"should validate TypeScript integration is properly configured","duration":0,"failureMessages":[]},{"ancestorTitles":["","Code Quality Validation Tests","Error Handling and Edge Cases"],"fullName":" Code Quality Validation Tests Error Handling and Edge Cases should handle missing ESLint configuration gracefully","status":"passed","title":"should handle missing ESLint configuration gracefully","duration":0,"failureMessages":[]},{"ancestorTitles":["","Code Quality Validation Tests","Error Handling and Edge Cases"],"fullName":" Code Quality Validation Tests Error Handling and Edge Cases should handle missing Prettier configuration gracefully","status":"passed","title":"should handle missing Prettier configuration gracefully","duration":1,"failureMessages":[]},{"ancestorTitles":["","Code Quality Validation Tests","Error Handling and Edge Cases"],"fullName":" Code Quality Validation Tests Error Handling and Edge Cases should handle invalid ESLint configuration gracefully","status":"passed","title":"should handle invalid ESLint configuration gracefully","duration":0,"failureMessages":[]},{"ancestorTitles":["","Code Quality Validation Tests","Error Handling and Edge Cases"],"fullName":" Code Quality Validation Tests Error Handling and Edge Cases should handle invalid Prettier configuration gracefully","status":"passed","title":"should handle invalid Prettier configuration gracefully","duration":0,"failureMessages":[]},{"ancestorTitles":["","Code Quality Validation Tests","Error Handling and Edge Cases"],"fullName":" Code Quality Validation Tests Error Handling and Edge Cases should handle missing package.json scripts gracefully","status":"passed","title":"should handle missing package.json scripts gracefully","duration":0,"failureMessages":[]},{"ancestorTitles":["","Code Quality Validation Tests","Error Handling and Edge Cases"],"fullName":" Code Quality Validation Tests Error Handling and Edge Cases should handle missing dependencies gracefully","status":"passed","title":"should handle missing dependencies gracefully","duration":0,"failureMessages":[]}],"startTime":1757210751527,"endTime":1757210751535,"status":"passed","message":"","name":"/Users/Zhuanz/Documents/project/bmad-link/tests/unit/code-quality/code-quality.test.ts"},{"assertionResults":[{"ancestorTitles":["","Content Script Unit Tests","Content Script Initialization"],"fullName":" Content Script Unit Tests Content Script Initialization should log content script loading with URL","status":"passed","title":"should log content script loading with URL","duration":1,"failureMessages":[]},{"ancestorTitles":["","Content Script Unit Tests","Content Script Initialization"],"fullName":" Content Script Unit Tests Content Script Initialization should handle different page URLs","status":"passed","title":"should handle different page URLs","duration":1,"failureMessages":[]},{"ancestorTitles":["","Content Script Unit Tests","Content Script Initialization"],"fullName":" Content Script Unit Tests Content Script Initialization should handle complex URLs","status":"passed","title":"should handle complex URLs","duration":0,"failureMessages":[]},{"ancestorTitles":["","Content Script Unit Tests","DOM Ready State Handling"],"fullName":" Content Script Unit Tests DOM Ready State Handling should add DOMContentLoaded listener when document is loading","status":"passed","title":"should add DOMContentLoaded listener when document is loading","duration":1,"failureMessages":[]},{"ancestorTitles":["","Content Script Unit Tests","DOM Ready State Handling"],"fullName":" Content Script Unit Tests DOM Ready State Handling should call initContentScript directly when document is already loaded","status":"passed","title":"should call initContentScript directly when document is already loaded","duration":0,"failureMessages":[]},{"ancestorTitles":["","Content Script Unit Tests","DOM Ready State Handling"],"fullName":" Content Script Unit Tests DOM Ready State Handling should handle interactive ready state","status":"passed","title":"should handle interactive ready state","duration":1,"failureMessages":[]},{"ancestorTitles":["","Content Script Unit Tests","DOM Ready State Handling"],"fullName":" Content Script Unit Tests DOM Ready State Handling should test all possible ready states","status":"passed","title":"should test all possible ready states","duration":0,"failureMessages":[]},{"ancestorTitles":["","Content Script Unit Tests","DOM Content Loaded Handler"],"fullName":" Content Script Unit Tests DOM Content Loaded Handler should call initContentScript when DOMContentLoaded fires","status":"passed","title":"should call initContentScript when DOMContentLoaded fires","duration":0,"failureMessages":[]},{"ancestorTitles":["","Content Script Unit Tests","DOM Content Loaded Handler"],"fullName":" Content Script Unit Tests DOM Content Loaded Handler should handle DOMContentLoaded event errors gracefully","status":"passed","title":"should handle DOMContentLoaded event errors gracefully","duration":0,"failureMessages":[]},{"ancestorTitles":["","Content Script Unit Tests","DOM Content Loaded Handler"],"fullName":" Content Script Unit Tests DOM Content Loaded Handler should only initialize once when DOM loads","status":"passed","title":"should only initialize once when DOM loads","duration":1,"failureMessages":[]},{"ancestorTitles":["","Content Script Unit Tests","Service Worker Communication"],"fullName":" Content Script Unit Tests Service Worker Communication should send ping message to service worker","status":"passed","title":"should send ping message to service worker","duration":0,"failureMessages":[]},{"ancestorTitles":["","Content Script Unit Tests","Service Worker Communication"],"fullName":" Content Script Unit Tests Service Worker Communication should handle successful service worker response","status":"passed","title":"should handle successful service worker response","duration":0,"failureMessages":[]},{"ancestorTitles":["","Content Script Unit Tests","Service Worker Communication"],"fullName":" Content Script Unit Tests Service Worker Communication should handle service worker communication errors","status":"passed","title":"should handle service worker communication errors","duration":0,"failureMessages":[]},{"ancestorTitles":["","Content Script Unit Tests","Service Worker Communication"],"fullName":" Content Script Unit Tests Service Worker Communication should handle service worker timeout","status":"passed","title":"should handle service worker timeout","duration":1,"failureMessages":[]},{"ancestorTitles":["","Content Script Unit Tests","Service Worker Communication"],"fullName":" Content Script Unit Tests Service Worker Communication should handle malformed service worker responses","status":"failed","title":"should handle malformed service worker responses","duration":6,"failureMessages":["expected \"spy\" to be called with arguments: [ 'Service Worker 响应:', null ]\n\nReceived: \n\n  1st spy call:\n\n  Array [\n-   \"Service Worker 响应:\",\n-   null,\n+   \"BMad Link Content Script 加载完成\",\n+   \"https://example.com\",\n  ]\n\n  2nd spy call:\n\n  Array [\n-   \"Service Worker 响应:\",\n-   null,\n+   \"BMad Link Content Script 初始化\",\n  ]\n\n\nNumber of calls: 2\n"],"location":{"line":294,"column":31}},{"ancestorTitles":["","Content Script Unit Tests","Message Content Validation"],"fullName":" Content Script Unit Tests Message Content Validation should send correctly formatted ping message","status":"passed","title":"should send correctly formatted ping message","duration":1,"failureMessages":[]},{"ancestorTitles":["","Content Script Unit Tests","Message Content Validation"],"fullName":" Content Script Unit Tests Message Content Validation should handle different message types","status":"passed","title":"should handle different message types","duration":0,"failureMessages":[]},{"ancestorTitles":["","Content Script Unit Tests","Error Handling"],"fullName":" Content Script Unit Tests Error Handling should handle chrome runtime unavailability","status":"passed","title":"should handle chrome runtime unavailability","duration":0,"failureMessages":[]},{"ancestorTitles":["","Content Script Unit Tests","Error Handling"],"fullName":" Content Script Unit Tests Error Handling should handle document unavailability","status":"passed","title":"should handle document unavailability","duration":0,"failureMessages":[]},{"ancestorTitles":["","Content Script Unit Tests","Error Handling"],"fullName":" Content Script Unit Tests Error Handling should handle window unavailability","status":"passed","title":"should handle window unavailability","duration":0,"failureMessages":[]},{"ancestorTitles":["","Content Script Unit Tests","Error Handling"],"fullName":" Content Script Unit Tests Error Handling should handle console logging errors","status":"failed","title":"should handle console logging errors","duration":2,"failureMessages":["expected [Function] to not throw an error but 'Error: Console logging failed' was thrown"],"location":{"line":369,"column":14}},{"ancestorTitles":["","Content Script Unit Tests","Error Handling"],"fullName":" Content Script Unit Tests Error Handling should handle event listener errors","status":"failed","title":"should handle event listener errors","duration":1,"failureMessages":["expected [Function] to not throw an error but 'Error: Event listener failed' was thrown"],"location":{"line":380,"column":14}},{"ancestorTitles":["","Content Script Unit Tests","Browser Compatibility"],"fullName":" Content Script Unit Tests Browser Compatibility should work in different browser environments","status":"passed","title":"should work in different browser environments","duration":0,"failureMessages":[]},{"ancestorTitles":["","Content Script Unit Tests","Browser Compatibility"],"fullName":" Content Script Unit Tests Browser Compatibility should handle different document modes","status":"passed","title":"should handle different document modes","duration":0,"failureMessages":[]},{"ancestorTitles":["","Content Script Unit Tests","Performance Considerations"],"fullName":" Content Script Unit Tests Performance Considerations should minimize DOM operations","status":"passed","title":"should minimize DOM operations","duration":1,"failureMessages":[]},{"ancestorTitles":["","Content Script Unit Tests","Performance Considerations"],"fullName":" Content Script Unit Tests Performance Considerations should avoid memory leaks","status":"passed","title":"should avoid memory leaks","duration":0,"failureMessages":[]},{"ancestorTitles":["","Content Script Unit Tests","Performance Considerations"],"fullName":" Content Script Unit Tests Performance Considerations should use efficient event handling","status":"passed","title":"should use efficient event handling","duration":0,"failureMessages":[]},{"ancestorTitles":["","Content Script Unit Tests","Security Considerations"],"fullName":" Content Script Unit Tests Security Considerations should not access sensitive DOM elements","status":"passed","title":"should not access sensitive DOM elements","duration":0,"failureMessages":[]},{"ancestorTitles":["","Content Script Unit Tests","Security Considerations"],"fullName":" Content Script Unit Tests Security Considerations should not modify page content","status":"passed","title":"should not modify page content","duration":0,"failureMessages":[]},{"ancestorTitles":["","Content Script Unit Tests","Security Considerations"],"fullName":" Content Script Unit Tests Security Considerations should handle cross-origin security restrictions","status":"passed","title":"should handle cross-origin security restrictions","duration":0,"failureMessages":[]},{"ancestorTitles":["","Content Script Unit Tests","Integration Testing"],"fullName":" Content Script Unit Tests Integration Testing should integrate properly with Chrome extension APIs","status":"passed","title":"should integrate properly with Chrome extension APIs","duration":0,"failureMessages":[]},{"ancestorTitles":["","Content Script Unit Tests","Integration Testing"],"fullName":" Content Script Unit Tests Integration Testing should handle service worker restart scenarios","status":"failed","title":"should handle service worker restart scenarios","duration":3,"failureMessages":["expected \"spy\" to be called with arguments: [ '通信失败:', Any<Error> ]\n\nReceived: \n\n\n\nNumber of calls: 0\n"],"location":{"line":518,"column":31}},{"ancestorTitles":["","Content Script Unit Tests","Integration Testing"],"fullName":" Content Script Unit Tests Integration Testing should handle extension reload scenarios","status":"passed","title":"should handle extension reload scenarios","duration":0,"failureMessages":[]},{"ancestorTitles":["","Content Script Unit Tests","Content Script Lifecycle"],"fullName":" Content Script Unit Tests Content Script Lifecycle should handle content script injection timing","status":"passed","title":"should handle content script injection timing","duration":0,"failureMessages":[]},{"ancestorTitles":["","Content Script Unit Tests","Content Script Lifecycle"],"fullName":" Content Script Unit Tests Content Script Lifecycle should handle content script removal","status":"passed","title":"should handle content script removal","duration":0,"failureMessages":[]},{"ancestorTitles":["","Content Script Unit Tests","Content Script Lifecycle"],"fullName":" Content Script Unit Tests Content Script Lifecycle should handle multiple content script instances","status":"passed","title":"should handle multiple content script instances","duration":1,"failureMessages":[]}],"startTime":1757210751480,"endTime":1757210751502,"status":"failed","message":"","name":"/Users/Zhuanz/Documents/project/bmad-link/tests/unit/content-scripts/content-script.test.ts"},{"assertionResults":[{"ancestorTitles":["","Chrome Extension Loading E2E Tests","Extension Loading Validation"],"fullName":" Chrome Extension Loading E2E Tests Extension Loading Validation should validate extension manifest is valid for Chrome Web Store","status":"passed","title":"should validate extension manifest is valid for Chrome Web Store","duration":1,"failureMessages":[]},{"ancestorTitles":["","Chrome Extension Loading E2E Tests","Extension Loading Validation"],"fullName":" Chrome Extension Loading E2E Tests Extension Loading Validation should validate all required files exist in extension package","status":"passed","title":"should validate all required files exist in extension package","duration":1,"failureMessages":[]},{"ancestorTitles":["","Chrome Extension Loading E2E Tests","Extension Loading Validation"],"fullName":" Chrome Extension Loading E2E Tests Extension Loading Validation should validate popup HTML structure and content","status":"passed","title":"should validate popup HTML structure and content","duration":0,"failureMessages":[]},{"ancestorTitles":["","Chrome Extension Loading E2E Tests","Extension Loading Validation"],"fullName":" Chrome Extension Loading E2E Tests Extension Loading Validation should validate service worker background script loads correctly","status":"passed","title":"should validate service worker background script loads correctly","duration":0,"failureMessages":[]},{"ancestorTitles":["","Chrome Extension Loading E2E Tests","Extension Loading Validation"],"fullName":" Chrome Extension Loading E2E Tests Extension Loading Validation should validate content script injection works","status":"passed","title":"should validate content script injection works","duration":1,"failureMessages":[]},{"ancestorTitles":["","Chrome Extension Loading E2E Tests","Extension Loading Validation"],"fullName":" Chrome Extension Loading E2E Tests Extension Loading Validation should validate icon files are properly sized and formatted","status":"passed","title":"should validate icon files are properly sized and formatted","duration":0,"failureMessages":[]},{"ancestorTitles":["","Chrome Extension Loading E2E Tests","Extension Loading Validation"],"fullName":" Chrome Extension Loading E2E Tests Extension Loading Validation should validate extension package can be built and packaged","status":"passed","title":"should validate extension package can be built and packaged","duration":0,"failureMessages":[]},{"ancestorTitles":["","Chrome Extension Loading E2E Tests","Extension Loading Validation"],"fullName":" Chrome Extension Loading E2E Tests Extension Loading Validation should handle extension loading errors gracefully","status":"passed","title":"should handle extension loading errors gracefully","duration":1,"failureMessages":[]},{"ancestorTitles":["","Chrome Extension Loading E2E Tests","Chrome Extension Runtime Validation"],"fullName":" Chrome Extension Loading E2E Tests Chrome Extension Runtime Validation should validate extension ID is properly assigned","status":"passed","title":"should validate extension ID is properly assigned","duration":0,"failureMessages":[]},{"ancestorTitles":["","Chrome Extension Loading E2E Tests","Chrome Extension Runtime Validation"],"fullName":" Chrome Extension Loading E2E Tests Chrome Extension Runtime Validation should validate runtime getURL method works correctly","status":"passed","title":"should validate runtime getURL method works correctly","duration":0,"failureMessages":[]},{"ancestorTitles":["","Chrome Extension Loading E2E Tests","Chrome Extension Runtime Validation"],"fullName":" Chrome Extension Loading E2E Tests Chrome Extension Runtime Validation should validate manifest can be retrieved via runtime API","status":"passed","title":"should validate manifest can be retrieved via runtime API","duration":0,"failureMessages":[]},{"ancestorTitles":["","Chrome Extension Loading E2E Tests","Chrome Extension Runtime Validation"],"fullName":" Chrome Extension Loading E2E Tests Chrome Extension Runtime Validation should validate extension can send messages","status":"passed","title":"should validate extension can send messages","duration":1,"failureMessages":[]},{"ancestorTitles":["","Chrome Extension Loading E2E Tests","Chrome Extension Runtime Validation"],"fullName":" Chrome Extension Loading E2E Tests Chrome Extension Runtime Validation should validate extension can receive messages","status":"passed","title":"should validate extension can receive messages","duration":0,"failureMessages":[]},{"ancestorTitles":["","Chrome Extension Loading E2E Tests","Chrome Extension Runtime Validation"],"fullName":" Chrome Extension Loading E2E Tests Chrome Extension Runtime Validation should validate storage API is available","status":"passed","title":"should validate storage API is available","duration":0,"failureMessages":[]},{"ancestorTitles":["","Chrome Extension Loading E2E Tests","Chrome Extension Runtime Validation"],"fullName":" Chrome Extension Loading E2E Tests Chrome Extension Runtime Validation should validate tabs API is available","status":"passed","title":"should validate tabs API is available","duration":0,"failureMessages":[]},{"ancestorTitles":["","Chrome Extension Loading E2E Tests","Chrome Extension Runtime Validation"],"fullName":" Chrome Extension Loading E2E Tests Chrome Extension Runtime Validation should validate context menus API is available","status":"passed","title":"should validate context menus API is available","duration":0,"failureMessages":[]},{"ancestorTitles":["","Chrome Extension Loading E2E Tests","Extension Functional Testing"],"fullName":" Chrome Extension Loading E2E Tests Extension Functional Testing should validate popup can be opened and displayed","status":"passed","title":"should validate popup can be opened and displayed","duration":0,"failureMessages":[]},{"ancestorTitles":["","Chrome Extension Loading E2E Tests","Extension Functional Testing"],"fullName":" Chrome Extension Loading E2E Tests Extension Functional Testing should validate context menu can be created","status":"passed","title":"should validate context menu can be created","duration":0,"failureMessages":[]},{"ancestorTitles":["","Chrome Extension Loading E2E Tests","Extension Functional Testing"],"fullName":" Chrome Extension Loading E2E Tests Extension Functional Testing should validate storage operations work correctly","status":"passed","title":"should validate storage operations work correctly","duration":0,"failureMessages":[]},{"ancestorTitles":["","Chrome Extension Loading E2E Tests","Extension Functional Testing"],"fullName":" Chrome Extension Loading E2E Tests Extension Functional Testing should validate content script injection on page load","status":"passed","title":"should validate content script injection on page load","duration":0,"failureMessages":[]},{"ancestorTitles":["","Chrome Extension Loading E2E Tests","Extension Functional Testing"],"fullName":" Chrome Extension Loading E2E Tests Extension Functional Testing should validate extension permissions are granted","status":"passed","title":"should validate extension permissions are granted","duration":1,"failureMessages":[]},{"ancestorTitles":["","Chrome Extension Loading E2E Tests","Extension Functional Testing"],"fullName":" Chrome Extension Loading E2E Tests Extension Functional Testing should validate extension can handle runtime events","status":"passed","title":"should validate extension can handle runtime events","duration":0,"failureMessages":[]},{"ancestorTitles":["","Chrome Extension Loading E2E Tests","Extension Functional Testing"],"fullName":" Chrome Extension Loading E2E Tests Extension Functional Testing should validate extension can communicate between components","status":"passed","title":"should validate extension can communicate between components","duration":0,"failureMessages":[]},{"ancestorTitles":["","Chrome Extension Loading E2E Tests","Extension Performance and Error Handling"],"fullName":" Chrome Extension Loading E2E Tests Extension Performance and Error Handling should validate extension loads within acceptable time","status":"passed","title":"should validate extension loads within acceptable time","duration":0,"failureMessages":[]},{"ancestorTitles":["","Chrome Extension Loading E2E Tests","Extension Performance and Error Handling"],"fullName":" Chrome Extension Loading E2E Tests Extension Performance and Error Handling should validate extension handles storage quota limits","status":"passed","title":"should validate extension handles storage quota limits","duration":0,"failureMessages":[]},{"ancestorTitles":["","Chrome Extension Loading E2E Tests","Extension Performance and Error Handling"],"fullName":" Chrome Extension Loading E2E Tests Extension Performance and Error Handling should validate extension handles network errors gracefully","status":"passed","title":"should validate extension handles network errors gracefully","duration":0,"failureMessages":[]},{"ancestorTitles":["","Chrome Extension Loading E2E Tests","Extension Performance and Error Handling"],"fullName":" Chrome Extension Loading E2E Tests Extension Performance and Error Handling should validate extension recovers from service worker restart","status":"passed","title":"should validate extension recovers from service worker restart","duration":1,"failureMessages":[]},{"ancestorTitles":["","Chrome Extension Loading E2E Tests","Extension Performance and Error Handling"],"fullName":" Chrome Extension Loading E2E Tests Extension Performance and Error Handling should validate extension handles invalid user input","status":"passed","title":"should validate extension handles invalid user input","duration":0,"failureMessages":[]},{"ancestorTitles":["","Chrome Extension Loading E2E Tests","Extension Performance and Error Handling"],"fullName":" Chrome Extension Loading E2E Tests Extension Performance and Error Handling should validate extension memory usage is reasonable","status":"passed","title":"should validate extension memory usage is reasonable","duration":0,"failureMessages":[]},{"ancestorTitles":["","Chrome Extension Loading E2E Tests","Extension Performance and Error Handling"],"fullName":" Chrome Extension Loading E2E Tests Extension Performance and Error Handling should validate extension handles Chrome updates gracefully","status":"passed","title":"should validate extension handles Chrome updates gracefully","duration":0,"failureMessages":[]},{"ancestorTitles":["","Chrome Extension Loading E2E Tests","Extension Uninstallation and Cleanup"],"fullName":" Chrome Extension Loading E2E Tests Extension Uninstallation and Cleanup should validate extension can be uninstalled cleanly","status":"passed","title":"should validate extension can be uninstalled cleanly","duration":0,"failureMessages":[]},{"ancestorTitles":["","Chrome Extension Loading E2E Tests","Extension Uninstallation and Cleanup"],"fullName":" Chrome Extension Loading E2E Tests Extension Uninstallation and Cleanup should validate storage is cleared on uninstall","status":"passed","title":"should validate storage is cleared on uninstall","duration":0,"failureMessages":[]},{"ancestorTitles":["","Chrome Extension Loading E2E Tests","Extension Uninstallation and Cleanup"],"fullName":" Chrome Extension Loading E2E Tests Extension Uninstallation and Cleanup should validate context menus are removed on uninstall","status":"passed","title":"should validate context menus are removed on uninstall","duration":0,"failureMessages":[]},{"ancestorTitles":["","Chrome Extension Loading E2E Tests","Extension Uninstallation and Cleanup"],"fullName":" Chrome Extension Loading E2E Tests Extension Uninstallation and Cleanup should validate temporary files are cleaned up","status":"passed","title":"should validate temporary files are cleaned up","duration":0,"failureMessages":[]},{"ancestorTitles":["","Chrome Extension Loading E2E Tests","Extension Uninstallation and Cleanup"],"fullName":" Chrome Extension Loading E2E Tests Extension Uninstallation and Cleanup should validate event listeners are removed on cleanup","status":"passed","title":"should validate event listeners are removed on cleanup","duration":1,"failureMessages":[]},{"ancestorTitles":["","Chrome Extension Loading E2E Tests","Cross-Browser Compatibility"],"fullName":" Chrome Extension Loading E2E Tests Cross-Browser Compatibility should validate extension works in different Chrome channels","status":"passed","title":"should validate extension works in different Chrome channels","duration":0,"failureMessages":[]},{"ancestorTitles":["","Chrome Extension Loading E2E Tests","Cross-Browser Compatibility"],"fullName":" Chrome Extension Loading E2E Tests Cross-Browser Compatibility should validate extension handles different Chrome versions","status":"passed","title":"should validate extension handles different Chrome versions","duration":0,"failureMessages":[]},{"ancestorTitles":["","Chrome Extension Loading E2E Tests","Cross-Browser Compatibility"],"fullName":" Chrome Extension Loading E2E Tests Cross-Browser Compatibility should validate extension works on different operating systems","status":"passed","title":"should validate extension works on different operating systems","duration":0,"failureMessages":[]},{"ancestorTitles":["","Chrome Extension Loading E2E Tests","Security and Privacy Validation"],"fullName":" Chrome Extension Loading E2E Tests Security and Privacy Validation should validate extension does not access sensitive data without permission","status":"passed","title":"should validate extension does not access sensitive data without permission","duration":0,"failureMessages":[]},{"ancestorTitles":["","Chrome Extension Loading E2E Tests","Security and Privacy Validation"],"fullName":" Chrome Extension Loading E2E Tests Security and Privacy Validation should validate extension data is encrypted in storage","status":"passed","title":"should validate extension data is encrypted in storage","duration":1,"failureMessages":[]},{"ancestorTitles":["","Chrome Extension Loading E2E Tests","Security and Privacy Validation"],"fullName":" Chrome Extension Loading E2E Tests Security and Privacy Validation should validate extension does not leak data to external servers","status":"passed","title":"should validate extension does not leak data to external servers","duration":0,"failureMessages":[]},{"ancestorTitles":["","Chrome Extension Loading E2E Tests","Security and Privacy Validation"],"fullName":" Chrome Extension Loading E2E Tests Security and Privacy Validation should validate extension follows content security policy","status":"passed","title":"should validate extension follows content security policy","duration":0,"failureMessages":[]},{"ancestorTitles":["","Chrome Extension Loading E2E Tests","Security and Privacy Validation"],"fullName":" Chrome Extension Loading E2E Tests Security and Privacy Validation should validate extension handles user privacy preferences","status":"passed","title":"should validate extension handles user privacy preferences","duration":0,"failureMessages":[]},{"ancestorTitles":["","Chrome Extension Loading E2E Tests","Integration Testing"],"fullName":" Chrome Extension Loading E2E Tests Integration Testing should validate extension integrates with Chrome DevTools","status":"passed","title":"should validate extension integrates with Chrome DevTools","duration":0,"failureMessages":[]},{"ancestorTitles":["","Chrome Extension Loading E2E Tests","Integration Testing"],"fullName":" Chrome Extension Loading E2E Tests Integration Testing should validate extension works with other Chrome extensions","status":"passed","title":"should validate extension works with other Chrome extensions","duration":0,"failureMessages":[]},{"ancestorTitles":["","Chrome Extension Loading E2E Tests","Integration Testing"],"fullName":" Chrome Extension Loading E2E Tests Integration Testing should validate extension responds to Chrome policy changes","status":"passed","title":"should validate extension responds to Chrome policy changes","duration":0,"failureMessages":[]},{"ancestorTitles":["","Chrome Extension Loading E2E Tests","Integration Testing"],"fullName":" Chrome Extension Loading E2E Tests Integration Testing should validate extension can be updated seamlessly","status":"passed","title":"should validate extension can be updated seamlessly","duration":0,"failureMessages":[]}],"startTime":1757210751523,"endTime":1757210751533,"status":"passed","message":"","name":"/Users/Zhuanz/Documents/project/bmad-link/tests/unit/e2e/extension-loading.test.ts"},{"assertionResults":[{"ancestorTitles":["","Git Repository and Documentation Validation Tests","Git Repository Configuration"],"fullName":" Git Repository and Documentation Validation Tests Git Repository Configuration should validate Git repository is initialized","status":"passed","title":"should validate Git repository is initialized","duration":2,"failureMessages":[]},{"ancestorTitles":["","Git Repository and Documentation Validation Tests","Git Repository Configuration"],"fullName":" Git Repository and Documentation Validation Tests Git Repository Configuration should validate Git remote repository configuration","status":"passed","title":"should validate Git remote repository configuration","duration":0,"failureMessages":[]},{"ancestorTitles":["","Git Repository and Documentation Validation Tests","Git Repository Configuration"],"fullName":" Git Repository and Documentation Validation Tests Git Repository Configuration should validate Git branch exists and is tracking remote","status":"passed","title":"should validate Git branch exists and is tracking remote","duration":0,"failureMessages":[]},{"ancestorTitles":["","Git Repository and Documentation Validation Tests","Git Repository Configuration"],"fullName":" Git Repository and Documentation Validation Tests Git Repository Configuration should validate Git commit history exists","status":"passed","title":"should validate Git commit history exists","duration":0,"failureMessages":[]},{"ancestorTitles":["","Git Repository and Documentation Validation Tests","Git Repository Configuration"],"fullName":" Git Repository and Documentation Validation Tests Git Repository Configuration should validate Git commit message format","status":"passed","title":"should validate Git commit message format","duration":1,"failureMessages":[]},{"ancestorTitles":["","Git Repository and Documentation Validation Tests","Git Repository Configuration"],"fullName":" Git Repository and Documentation Validation Tests Git Repository Configuration should validate .gitignore file exists and contains essential patterns","status":"passed","title":"should validate .gitignore file exists and contains essential patterns","duration":0,"failureMessages":[]},{"ancestorTitles":["","Git Repository and Documentation Validation Tests","Git Repository Configuration"],"fullName":" Git Repository and Documentation Validation Tests Git Repository Configuration should validate .gitignore contains Chrome extension specific patterns","status":"passed","title":"should validate .gitignore contains Chrome extension specific patterns","duration":0,"failureMessages":[]},{"ancestorTitles":["","Git Repository and Documentation Validation Tests","Git Repository Configuration"],"fullName":" Git Repository and Documentation Validation Tests Git Repository Configuration should validate .gitignore contains testing and build artifacts","status":"passed","title":"should validate .gitignore contains testing and build artifacts","duration":0,"failureMessages":[]},{"ancestorTitles":["","Git Repository and Documentation Validation Tests","Git Repository Configuration"],"fullName":" Git Repository and Documentation Validation Tests Git Repository Configuration should handle Git repository validation errors gracefully","status":"passed","title":"should handle Git repository validation errors gracefully","duration":0,"failureMessages":[]},{"ancestorTitles":["","Git Repository and Documentation Validation Tests","README Documentation"],"fullName":" Git Repository and Documentation Validation Tests README Documentation should validate README.md file exists","status":"passed","title":"should validate README.md file exists","duration":0,"failureMessages":[]},{"ancestorTitles":["","Git Repository and Documentation Validation Tests","README Documentation"],"fullName":" Git Repository and Documentation Validation Tests README Documentation should validate README.md contains essential sections","status":"passed","title":"should validate README.md contains essential sections","duration":0,"failureMessages":[]},{"ancestorTitles":["","Git Repository and Documentation Validation Tests","README Documentation"],"fullName":" Git Repository and Documentation Validation Tests README Documentation should validate README.md contains technology stack information","status":"passed","title":"should validate README.md contains technology stack information","duration":0,"failureMessages":[]},{"ancestorTitles":["","Git Repository and Documentation Validation Tests","README Documentation"],"fullName":" Git Repository and Documentation Validation Tests README Documentation should validate README.md contains project structure overview","status":"passed","title":"should validate README.md contains project structure overview","duration":0,"failureMessages":[]},{"ancestorTitles":["","Git Repository and Documentation Validation Tests","README Documentation"],"fullName":" Git Repository and Documentation Validation Tests README Documentation should validate README.md contains development commands","status":"passed","title":"should validate README.md contains development commands","duration":0,"failureMessages":[]},{"ancestorTitles":["","Git Repository and Documentation Validation Tests","README Documentation"],"fullName":" Git Repository and Documentation Validation Tests README Documentation should validate README.md contains deployment information","status":"passed","title":"should validate README.md contains deployment information","duration":0,"failureMessages":[]},{"ancestorTitles":["","Git Repository and Documentation Validation Tests","README Documentation"],"fullName":" Git Repository and Documentation Validation Tests README Documentation should validate README.md contains core features description","status":"passed","title":"should validate README.md contains core features description","duration":0,"failureMessages":[]},{"ancestorTitles":["","Git Repository and Documentation Validation Tests","Documentation Structure"],"fullName":" Git Repository and Documentation Validation Tests Documentation Structure should validate docs directory exists","status":"passed","title":"should validate docs directory exists","duration":1,"failureMessages":[]},{"ancestorTitles":["","Git Repository and Documentation Validation Tests","Documentation Structure"],"fullName":" Git Repository and Documentation Validation Tests Documentation Structure should validate essential documentation files exist","status":"passed","title":"should validate essential documentation files exist","duration":0,"failureMessages":[]},{"ancestorTitles":["","Git Repository and Documentation Validation Tests","Documentation Structure"],"fullName":" Git Repository and Documentation Validation Tests Documentation Structure should validate architecture documentation exists","status":"passed","title":"should validate architecture documentation exists","duration":1,"failureMessages":[]},{"ancestorTitles":["","Git Repository and Documentation Validation Tests","Documentation Structure"],"fullName":" Git Repository and Documentation Validation Tests Documentation Structure should validate PRD documentation exists","status":"passed","title":"should validate PRD documentation exists","duration":0,"failureMessages":[]},{"ancestorTitles":["","Git Repository and Documentation Validation Tests","Documentation Structure"],"fullName":" Git Repository and Documentation Validation Tests Documentation Structure should validate stories documentation exists","status":"passed","title":"should validate stories documentation exists","duration":0,"failureMessages":[]},{"ancestorTitles":["","Git Repository and Documentation Validation Tests","Documentation Structure"],"fullName":" Git Repository and Documentation Validation Tests Documentation Structure should validate QA documentation exists","status":"passed","title":"should validate QA documentation exists","duration":0,"failureMessages":[]},{"ancestorTitles":["","Git Repository and Documentation Validation Tests","Documentation Structure"],"fullName":" Git Repository and Documentation Validation Tests Documentation Structure should validate documentation content quality","status":"passed","title":"should validate documentation content quality","duration":0,"failureMessages":[]},{"ancestorTitles":["","Git Repository and Documentation Validation Tests","Documentation Structure"],"fullName":" Git Repository and Documentation Validation Tests Documentation Structure should validate deployment documentation contains setup instructions","status":"passed","title":"should validate deployment documentation contains setup instructions","duration":0,"failureMessages":[]},{"ancestorTitles":["","Git Repository and Documentation Validation Tests","Documentation Structure"],"fullName":" Git Repository and Documentation Validation Tests Documentation Structure should handle missing documentation files gracefully","status":"passed","title":"should handle missing documentation files gracefully","duration":1,"failureMessages":[]},{"ancestorTitles":["","Git Repository and Documentation Validation Tests","Git Workflow Validation"],"fullName":" Git Repository and Documentation Validation Tests Git Workflow Validation should validate Git working directory is clean","status":"passed","title":"should validate Git working directory is clean","duration":0,"failureMessages":[]},{"ancestorTitles":["","Git Repository and Documentation Validation Tests","Git Workflow Validation"],"fullName":" Git Repository and Documentation Validation Tests Git Workflow Validation should validate Git hooks are configured","status":"passed","title":"should validate Git hooks are configured","duration":0,"failureMessages":[]},{"ancestorTitles":["","Git Repository and Documentation Validation Tests","Git Workflow Validation"],"fullName":" Git Repository and Documentation Validation Tests Git Workflow Validation should validate Git commit signing configuration","status":"passed","title":"should validate Git commit signing configuration","duration":0,"failureMessages":[]},{"ancestorTitles":["","Git Repository and Documentation Validation Tests","Git Workflow Validation"],"fullName":" Git Repository and Documentation Validation Tests Git Workflow Validation should validate Git branch protection rules","status":"passed","title":"should validate Git branch protection rules","duration":0,"failureMessages":[]},{"ancestorTitles":["","Git Repository and Documentation Validation Tests","Git Workflow Validation"],"fullName":" Git Repository and Documentation Validation Tests Git Workflow Validation should validate Git LFS configuration for large files","status":"passed","title":"should validate Git LFS configuration for large files","duration":0,"failureMessages":[]},{"ancestorTitles":["","Git Repository and Documentation Validation Tests","Git Workflow Validation"],"fullName":" Git Repository and Documentation Validation Tests Git Workflow Validation should handle Git workflow validation errors gracefully","status":"passed","title":"should handle Git workflow validation errors gracefully","duration":0,"failureMessages":[]},{"ancestorTitles":["","Git Repository and Documentation Validation Tests","Documentation Quality Validation"],"fullName":" Git Repository and Documentation Validation Tests Documentation Quality Validation should validate documentation files are properly formatted","status":"passed","title":"should validate documentation files are properly formatted","duration":0,"failureMessages":[]},{"ancestorTitles":["","Git Repository and Documentation Validation Tests","Documentation Quality Validation"],"fullName":" Git Repository and Documentation Validation Tests Documentation Quality Validation should validate documentation contains proper links","status":"passed","title":"should validate documentation contains proper links","duration":1,"failureMessages":[]},{"ancestorTitles":["","Git Repository and Documentation Validation Tests","Documentation Quality Validation"],"fullName":" Git Repository and Documentation Validation Tests Documentation Quality Validation should validate documentation contains code examples","status":"passed","title":"should validate documentation contains code examples","duration":0,"failureMessages":[]},{"ancestorTitles":["","Git Repository and Documentation Validation Tests","Documentation Quality Validation"],"fullName":" Git Repository and Documentation Validation Tests Documentation Quality Validation should validate documentation files have consistent naming","status":"passed","title":"should validate documentation files have consistent naming","duration":0,"failureMessages":[]},{"ancestorTitles":["","Git Repository and Documentation Validation Tests","Documentation Quality Validation"],"fullName":" Git Repository and Documentation Validation Tests Documentation Quality Validation should validate documentation is organized in logical directories","status":"passed","title":"should validate documentation is organized in logical directories","duration":0,"failureMessages":[]},{"ancestorTitles":["","Git Repository and Documentation Validation Tests","Documentation Quality Validation"],"fullName":" Git Repository and Documentation Validation Tests Documentation Quality Validation should handle documentation quality validation errors gracefully","status":"passed","title":"should handle documentation quality validation errors gracefully","duration":0,"failureMessages":[]},{"ancestorTitles":["","Git Repository and Documentation Validation Tests","Integration Validation"],"fullName":" Git Repository and Documentation Validation Tests Integration Validation should validate Git repository integrates with documentation structure","status":"passed","title":"should validate Git repository integrates with documentation structure","duration":0,"failureMessages":[]},{"ancestorTitles":["","Git Repository and Documentation Validation Tests","Integration Validation"],"fullName":" Git Repository and Documentation Validation Tests Integration Validation should validate documentation references are tracked in Git","status":"passed","title":"should validate documentation references are tracked in Git","duration":1,"failureMessages":[]},{"ancestorTitles":["","Git Repository and Documentation Validation Tests","Integration Validation"],"fullName":" Git Repository and Documentation Validation Tests Integration Validation should validate Git commit messages reference documentation updates","status":"passed","title":"should validate Git commit messages reference documentation updates","duration":0,"failureMessages":[]},{"ancestorTitles":["","Git Repository and Documentation Validation Tests","Integration Validation"],"fullName":" Git Repository and Documentation Validation Tests Integration Validation should validate Git repository size is reasonable for documentation","status":"passed","title":"should validate Git repository size is reasonable for documentation","duration":0,"failureMessages":[]},{"ancestorTitles":["","Git Repository and Documentation Validation Tests","Integration Validation"],"fullName":" Git Repository and Documentation Validation Tests Integration Validation should validate Git repository has proper documentation branches","status":"passed","title":"should validate Git repository has proper documentation branches","duration":0,"failureMessages":[]},{"ancestorTitles":["","Git Repository and Documentation Validation Tests","Integration Validation"],"fullName":" Git Repository and Documentation Validation Tests Integration Validation should handle integration validation errors gracefully","status":"passed","title":"should handle integration validation errors gracefully","duration":1,"failureMessages":[]},{"ancestorTitles":["","Git Repository and Documentation Validation Tests","Security and Compliance Validation"],"fullName":" Git Repository and Documentation Validation Tests Security and Compliance Validation should validate Git repository has no sensitive information","status":"passed","title":"should validate Git repository has no sensitive information","duration":0,"failureMessages":[]},{"ancestorTitles":["","Git Repository and Documentation Validation Tests","Security and Compliance Validation"],"fullName":" Git Repository and Documentation Validation Tests Security and Compliance Validation should validate documentation does not contain hardcoded secrets","status":"passed","title":"should validate documentation does not contain hardcoded secrets","duration":0,"failureMessages":[]},{"ancestorTitles":["","Git Repository and Documentation Validation Tests","Security and Compliance Validation"],"fullName":" Git Repository and Documentation Validation Tests Security and Compliance Validation should validate Git repository access permissions","status":"passed","title":"should validate Git repository access permissions","duration":1,"failureMessages":[]},{"ancestorTitles":["","Git Repository and Documentation Validation Tests","Security and Compliance Validation"],"fullName":" Git Repository and Documentation Validation Tests Security and Compliance Validation should validate documentation has proper license information","status":"passed","title":"should validate documentation has proper license information","duration":0,"failureMessages":[]},{"ancestorTitles":["","Git Repository and Documentation Validation Tests","Security and Compliance Validation"],"fullName":" Git Repository and Documentation Validation Tests Security and Compliance Validation should validate Git repository has proper contribution guidelines","status":"passed","title":"should validate Git repository has proper contribution guidelines","duration":0,"failureMessages":[]},{"ancestorTitles":["","Git Repository and Documentation Validation Tests","Security and Compliance Validation"],"fullName":" Git Repository and Documentation Validation Tests Security and Compliance Validation should handle security validation errors gracefully","status":"passed","title":"should handle security validation errors gracefully","duration":0,"failureMessages":[]}],"startTime":1757210751534,"endTime":1757210751545,"status":"passed","message":"","name":"/Users/Zhuanz/Documents/project/bmad-link/tests/unit/git-repository/git-repository.test.ts"},{"assertionResults":[{"ancestorTitles":["","Popup Script Unit Tests","Popup Module Loading"],"fullName":" Popup Script Unit Tests Popup Module Loading should be able to mock UI components","status":"passed","title":"should be able to mock UI components","duration":0,"failureMessages":[]},{"ancestorTitles":["","Popup Script Unit Tests","Popup Module Loading"],"fullName":" Popup Script Unit Tests Popup Module Loading should support ES modules structure","status":"passed","title":"should support ES modules structure","duration":0,"failureMessages":[]},{"ancestorTitles":["","Popup Script Unit Tests","DOM Content Loaded Event"],"fullName":" Popup Script Unit Tests DOM Content Loaded Event should register DOMContentLoaded listener","status":"passed","title":"should register DOMContentLoaded listener","duration":1,"failureMessages":[]},{"ancestorTitles":["","Popup Script Unit Tests","DOM Content Loaded Event"],"fullName":" Popup Script Unit Tests DOM Content Loaded Event should execute DOMContentLoaded handler","status":"passed","title":"should execute DOMContentLoaded handler","duration":0,"failureMessages":[]},{"ancestorTitles":["","Popup Script Unit Tests","Chrome Runtime Communication"],"fullName":" Popup Script Unit Tests Chrome Runtime Communication should send message to service worker","status":"passed","title":"should send message to service worker","duration":0,"failureMessages":[]},{"ancestorTitles":["","Popup Script Unit Tests","Chrome Runtime Communication"],"fullName":" Popup Script Unit Tests Chrome Runtime Communication should handle successful response","status":"passed","title":"should handle successful response","duration":0,"failureMessages":[]},{"ancestorTitles":["","Popup Script Unit Tests","Chrome Runtime Communication"],"fullName":" Popup Script Unit Tests Chrome Runtime Communication should handle communication errors","status":"passed","title":"should handle communication errors","duration":1,"failureMessages":[]},{"ancestorTitles":["","Popup Script Unit Tests","Complete Popup Flow"],"fullName":" Popup Script Unit Tests Complete Popup Flow should execute complete popup initialization flow","status":"passed","title":"should execute complete popup initialization flow","duration":0,"failureMessages":[]},{"ancestorTitles":["","Popup Script Unit Tests","Complete Popup Flow"],"fullName":" Popup Script Unit Tests Complete Popup Flow should handle multiple response types","status":"passed","title":"should handle multiple response types","duration":1,"failureMessages":[]},{"ancestorTitles":["","Popup Script Unit Tests","Error Handling"],"fullName":" Popup Script Unit Tests Error Handling should handle missing chrome runtime","status":"passed","title":"should handle missing chrome runtime","duration":0,"failureMessages":[]},{"ancestorTitles":["","Popup Script Unit Tests","Error Handling"],"fullName":" Popup Script Unit Tests Error Handling should handle DOM API unavailability","status":"passed","title":"should handle DOM API unavailability","duration":0,"failureMessages":[]},{"ancestorTitles":["","Popup Script Unit Tests","Security Validation"],"fullName":" Popup Script Unit Tests Security Validation should use safe message format","status":"passed","title":"should use safe message format","duration":0,"failureMessages":[]},{"ancestorTitles":["","Popup Script Unit Tests","Security Validation"],"fullName":" Popup Script Unit Tests Security Validation should not expose sensitive data","status":"passed","title":"should not expose sensitive data","duration":1,"failureMessages":[]},{"ancestorTitles":["","Popup Script Unit Tests","Performance Considerations"],"fullName":" Popup Script Unit Tests Performance Considerations should register minimal event listeners","status":"passed","title":"should register minimal event listeners","duration":0,"failureMessages":[]},{"ancestorTitles":["","Popup Script Unit Tests","Performance Considerations"],"fullName":" Popup Script Unit Tests Performance Considerations should use efficient communication patterns","status":"passed","title":"should use efficient communication patterns","duration":0,"failureMessages":[]},{"ancestorTitles":["","Popup Script Unit Tests","Browser Compatibility"],"fullName":" Popup Script Unit Tests Browser Compatibility should work with standard Chrome extension APIs","status":"passed","title":"should work with standard Chrome extension APIs","duration":0,"failureMessages":[]},{"ancestorTitles":["","Popup Script Unit Tests","Browser Compatibility"],"fullName":" Popup Script Unit Tests Browser Compatibility should handle different Chrome versions","status":"passed","title":"should handle different Chrome versions","duration":0,"failureMessages":[]},{"ancestorTitles":["","Popup Script Unit Tests","Integration Testing"],"fullName":" Popup Script Unit Tests Integration Testing should integrate popup components correctly","status":"passed","title":"should integrate popup components correctly","duration":1,"failureMessages":[]},{"ancestorTitles":["","Popup Script Unit Tests","Integration Testing"],"fullName":" Popup Script Unit Tests Integration Testing should handle popup lifecycle correctly","status":"passed","title":"should handle popup lifecycle correctly","duration":0,"failureMessages":[]}],"startTime":1757210751558,"endTime":1757210751563,"status":"passed","message":"","name":"/Users/Zhuanz/Documents/project/bmad-link/tests/unit/popup/popup.test.ts"},{"assertionResults":[{"ancestorTitles":["","Service Worker Unit Tests","Service Worker Initialization"],"fullName":" Service Worker Unit Tests Service Worker Initialization should log service worker startup","status":"passed","title":"should log service worker startup","duration":2,"failureMessages":[]},{"ancestorTitles":["","Service Worker Unit Tests","Service Worker Initialization"],"fullName":" Service Worker Unit Tests Service Worker Initialization should set up runtime onInstalled listener","status":"passed","title":"should set up runtime onInstalled listener","duration":0,"failureMessages":[]},{"ancestorTitles":["","Service Worker Unit Tests","Service Worker Initialization"],"fullName":" Service Worker Unit Tests Service Worker Initialization should set up context menus onClicked listener","status":"passed","title":"should set up context menus onClicked listener","duration":0,"failureMessages":[]},{"ancestorTitles":["","Service Worker Unit Tests","Service Worker Initialization"],"fullName":" Service Worker Unit Tests Service Worker Initialization should set up action onClicked listener","status":"passed","title":"should set up action onClicked listener","duration":0,"failureMessages":[]},{"ancestorTitles":["","Service Worker Unit Tests","Service Worker Initialization"],"fullName":" Service Worker Unit Tests Service Worker Initialization should set up runtime onMessage listener","status":"passed","title":"should set up runtime onMessage listener","duration":0,"failureMessages":[]},{"ancestorTitles":["","Service Worker Unit Tests","Extension Installation Handler"],"fullName":" Service Worker Unit Tests Extension Installation Handler should handle extension installation","status":"passed","title":"should handle extension installation","duration":0,"failureMessages":[]},{"ancestorTitles":["","Service Worker Unit Tests","Extension Installation Handler"],"fullName":" Service Worker Unit Tests Extension Installation Handler should handle extension update","status":"passed","title":"should handle extension update","duration":0,"failureMessages":[]},{"ancestorTitles":["","Service Worker Unit Tests","Extension Installation Handler"],"fullName":" Service Worker Unit Tests Extension Installation Handler should create context menu on installation","status":"passed","title":"should create context menu on installation","duration":1,"failureMessages":[]},{"ancestorTitles":["","Service Worker Unit Tests","Extension Installation Handler"],"fullName":" Service Worker Unit Tests Extension Installation Handler should handle chrome context menus API errors gracefully","status":"failed","title":"should handle chrome context menus API errors gracefully","duration":4,"failureMessages":["expected [Function] to not throw an error but 'Error: Context menus API not available' was thrown"],"location":{"line":171,"column":14}},{"ancestorTitles":["","Service Worker Unit Tests","Context Menu Handler"],"fullName":" Service Worker Unit Tests Context Menu Handler should handle context menu click for page context","status":"passed","title":"should handle context menu click for page context","duration":1,"failureMessages":[]},{"ancestorTitles":["","Service Worker Unit Tests","Context Menu Handler"],"fullName":" Service Worker Unit Tests Context Menu Handler should handle context menu click for link context","status":"passed","title":"should handle context menu click for link context","duration":0,"failureMessages":[]},{"ancestorTitles":["","Service Worker Unit Tests","Context Menu Handler"],"fullName":" Service Worker Unit Tests Context Menu Handler should ignore context menu clicks with different menuItemId","status":"passed","title":"should ignore context menu clicks with different menuItemId","duration":0,"failureMessages":[]},{"ancestorTitles":["","Service Worker Unit Tests","Context Menu Handler"],"fullName":" Service Worker Unit Tests Context Menu Handler should handle context menu click without tab ID","status":"failed","title":"should handle context menu click without tab ID","duration":1,"failureMessages":["expected \"spy\" to not be called at all, but actually been called 1 times\n\nReceived: \n\n  1st spy call:\n\n    Array [\n      \"BMad Link Service Worker 启动\",\n    ]\n\n\nNumber of calls: 1\n"],"location":{"line":265,"column":33}},{"ancestorTitles":["","Service Worker Unit Tests","Context Menu Handler"],"fullName":" Service Worker Unit Tests Context Menu Handler should handle context menu click errors gracefully","status":"passed","title":"should handle context menu click errors gracefully","duration":0,"failureMessages":[]},{"ancestorTitles":["","Service Worker Unit Tests","Extension Action Handler"],"fullName":" Service Worker Unit Tests Extension Action Handler should handle extension icon click","status":"passed","title":"should handle extension icon click","duration":1,"failureMessages":[]},{"ancestorTitles":["","Service Worker Unit Tests","Extension Action Handler"],"fullName":" Service Worker Unit Tests Extension Action Handler should handle action click with minimal tab info","status":"passed","title":"should handle action click with minimal tab info","duration":0,"failureMessages":[]},{"ancestorTitles":["","Service Worker Unit Tests","Extension Action Handler"],"fullName":" Service Worker Unit Tests Extension Action Handler should handle action click without tab","status":"failed","title":"should handle action click without tab","duration":0,"failureMessages":["Cannot read properties of null (reading 'url')"],"location":{"line":324,"column":7}},{"ancestorTitles":["","Service Worker Unit Tests","Message Handler"],"fullName":" Service Worker Unit Tests Message Handler should handle ping message","status":"passed","title":"should handle ping message","duration":1,"failureMessages":[]},{"ancestorTitles":["","Service Worker Unit Tests","Message Handler"],"fullName":" Service Worker Unit Tests Message Handler should handle unknown message actions","status":"passed","title":"should handle unknown message actions","duration":0,"failureMessages":[]},{"ancestorTitles":["","Service Worker Unit Tests","Message Handler"],"fullName":" Service Worker Unit Tests Message Handler should handle message without action","status":"passed","title":"should handle message without action","duration":0,"failureMessages":[]},{"ancestorTitles":["","Service Worker Unit Tests","Message Handler"],"fullName":" Service Worker Unit Tests Message Handler should handle message sending errors gracefully","status":"failed","title":"should handle message sending errors gracefully","duration":1,"failureMessages":["expected [Function] to not throw an error but 'Error: Response failed' was thrown"],"location":{"line":425,"column":14}},{"ancestorTitles":["","Service Worker Unit Tests",
[...]
Name":" Shared Package Tests Type Definitions BaseComponent Interface should have getStyles method definition","status":"passed","title":"should have getStyles method definition","duration":0,"failureMessages":[]},{"ancestorTitles":["","Shared Package Tests","Type Definitions","BaseComponent Interface"],"fullName":" Shared Package Tests Type Definitions BaseComponent Interface should be usable as a TypeScript type","status":"passed","title":"should be usable as a TypeScript type","duration":0,"failureMessages":[]},{"ancestorTitles":["","Shared Package Tests","Type Definitions","BaseComponent Interface"],"fullName":" Shared Package Tests Type Definitions BaseComponent Interface should enforce method signatures","status":"passed","title":"should enforce method signatures","duration":1,"failureMessages":[]},{"ancestorTitles":["","Shared Package Tests","Type Definitions","Config Interface"],"fullName":" Shared Package Tests Type Definitions Config Interface should define Config interface correctly","status":"passed","title":"should define Config interface correctly","duration":0,"failureMessages":[]},{"ancestorTitles":["","Shared Package Tests","Type Definitions","Config Interface"],"fullName":" Shared Package Tests Type Definitions Config Interface should have correct property types","status":"passed","title":"should have correct property types","duration":0,"failureMessages":[]},{"ancestorTitles":["","Shared Package Tests","Type Definitions","Config Interface"],"fullName":" Shared Package Tests Type Definitions Config Interface should allow optional properties to be undefined","status":"passed","title":"should allow optional properties to be undefined","duration":0,"failureMessages":[]},{"ancestorTitles":["","Shared Package Tests","Type Definitions","Config Interface"],"fullName":" Shared Package Tests Type Definitions Config Interface should validate config structure","status":"passed","title":"should validate config structure","duration":1,"failureMessages":[]},{"ancestorTitles":["","Shared Package Tests","Type Definitions","Config Interface"],"fullName":" Shared Package Tests Type Definitions Config Interface should handle version format validation","status":"passed","title":"should handle version format validation","duration":0,"failureMessages":[]},{"ancestorTitles":["","Shared Package Tests","Type Definitions","Config Interface"],"fullName":" Shared Package Tests Type Definitions Config Interface should handle app name validation","status":"passed","title":"should handle app name validation","duration":0,"failureMessages":[]},{"ancestorTitles":["","Shared Package Tests","Constants","APP_NAME"],"fullName":" Shared Package Tests Constants APP_NAME should export APP_NAME constant","status":"passed","title":"should export APP_NAME constant","duration":0,"failureMessages":[]},{"ancestorTitles":["","Shared Package Tests","Constants","APP_NAME"],"fullName":" Shared Package Tests Constants APP_NAME should have correct app name value","status":"passed","title":"should have correct app name value","duration":0,"failureMessages":[]},{"ancestorTitles":["","Shared Package Tests","Constants","APP_NAME"],"fullName":" Shared Package Tests Constants APP_NAME should be immutable","status":"passed","title":"should be immutable","duration":0,"failureMessages":[]},{"ancestorTitles":["","Shared Package Tests","Constants","APP_NAME"],"fullName":" Shared Package Tests Constants APP_NAME should be usable in string operations","status":"passed","title":"should be usable in string operations","duration":0,"failureMessages":[]},{"ancestorTitles":["","Shared Package Tests","Constants","APP_VERSION"],"fullName":" Shared Package Tests Constants APP_VERSION should export APP_VERSION constant","status":"passed","title":"should export APP_VERSION constant","duration":0,"failureMessages":[]},{"ancestorTitles":["","Shared Package Tests","Constants","APP_VERSION"],"fullName":" Shared Package Tests Constants APP_VERSION should have correct version format","status":"passed","title":"should have correct version format","duration":0,"failureMessages":[]},{"ancestorTitles":["","Shared Package Tests","Constants","APP_VERSION"],"fullName":" Shared Package Tests Constants APP_VERSION should follow semantic versioning","status":"passed","title":"should follow semantic versioning","duration":1,"failureMessages":[]},{"ancestorTitles":["","Shared Package Tests","Constants","APP_VERSION"],"fullName":" Shared Package Tests Constants APP_VERSION should be immutable","status":"passed","title":"should be immutable","duration":0,"failureMessages":[]},{"ancestorTitles":["","Shared Package Tests","Constants","APP_VERSION"],"fullName":" Shared Package Tests Constants APP_VERSION should be usable in version comparisons","status":"passed","title":"should be usable in version comparisons","duration":0,"failureMessages":[]},{"ancestorTitles":["","Shared Package Tests","Integration Tests"],"fullName":" Shared Package Tests Integration Tests should work together in a real component","status":"passed","title":"should work together in a real component","duration":0,"failureMessages":[]},{"ancestorTitles":["","Shared Package Tests","Integration Tests"],"fullName":" Shared Package Tests Integration Tests should handle different config scenarios","status":"passed","title":"should handle different config scenarios","duration":0,"failureMessages":[]},{"ancestorTitles":["","Shared Package Tests","Type Safety"],"fullName":" Shared Package Tests Type Safety should enforce type checking","status":"passed","title":"should enforce type checking","duration":0,"failureMessages":[]},{"ancestorTitles":["","Shared Package Tests","Type Safety"],"fullName":" Shared Package Tests Type Safety should handle optional properties correctly","status":"passed","title":"should handle optional properties correctly","duration":1,"failureMessages":[]},{"ancestorTitles":["","Shared Package Tests","Type Safety"],"fullName":" Shared Package Tests Type Safety should support type inference","status":"passed","title":"should support type inference","duration":0,"failureMessages":[]},{"ancestorTitles":["","Shared Package Tests","Export Validation"],"fullName":" Shared Package Tests Export Validation should export all expected members","status":"passed","title":"should export all expected members","duration":0,"failureMessages":[]},{"ancestorTitles":["","Shared Package Tests","Export Validation"],"fullName":" Shared Package Tests Export Validation should not export unexpected members","status":"passed","title":"should not export unexpected members","duration":0,"failureMessages":[]},{"ancestorTitles":["","Shared Package Tests","Export Validation"],"fullName":" Shared Package Tests Export Validation should maintain export consistency","status":"passed","title":"should maintain export consistency","duration":0,"failureMessages":[]},{"ancestorTitles":["","Shared Package Tests","Runtime Behavior"],"fullName":" Shared Package Tests Runtime Behavior should maintain constant values at runtime","status":"passed","title":"should maintain constant values at runtime","duration":0,"failureMessages":[]},{"ancestorTitles":["","Shared Package Tests","Runtime Behavior"],"fullName":" Shared Package Tests Runtime Behavior should allow interface implementation at runtime","status":"passed","title":"should allow interface implementation at runtime","duration":0,"failureMessages":[]},{"ancestorTitles":["","Shared Package Tests","Runtime Behavior"],"fullName":" Shared Package Tests Runtime Behavior should handle runtime type checks","status":"passed","title":"should handle runtime type checks","duration":0,"failureMessages":[]},{"ancestorTitles":["","Shared Package Tests","Error Handling"],"fullName":" Shared Package Tests Error Handling should handle invalid config objects gracefully","status":"passed","title":"should handle invalid config objects gracefully","duration":0,"failureMessages":[]},{"ancestorTitles":["","Shared Package Tests","Error Handling"],"fullName":" Shared Package Tests Error Handling should handle missing properties gracefully","status":"passed","title":"should handle missing properties gracefully","duration":1,"failureMessages":[]},{"ancestorTitles":["","Shared Package Tests","Error Handling"],"fullName":" Shared Package Tests Error Handling should handle type mismatches gracefully","status":"passed","title":"should handle type mismatches gracefully","duration":0,"failureMessages":[]},{"ancestorTitles":["","Shared Package Tests","Performance Considerations"],"fullName":" Shared Package Tests Performance Considerations should have minimal memory footprint","status":"passed","title":"should have minimal memory footprint","duration":0,"failureMessages":[]},{"ancestorTitles":["","Shared Package Tests","Performance Considerations"],"fullName":" Shared Package Tests Performance Considerations should allow tree shaking","status":"passed","title":"should allow tree shaking","duration":0,"failureMessages":[]},{"ancestorTitles":["","Shared Package Tests","Performance Considerations"],"fullName":" Shared Package Tests Performance Considerations should not have circular dependencies","status":"passed","title":"should not have circular dependencies","duration":0,"failureMessages":[]}],"startTime":1757210751526,"endTime":1757210751532,"status":"passed","message":"","name":"/Users/Zhuanz/Documents/project/bmad-link/tests/unit/shared/shared.test.ts"},{"assertionResults":[{"ancestorTitles":["","UI Components Package Index Tests","Export Validation"],"fullName":" UI Components Package Index Tests Export Validation should export BaseComponent class","status":"passed","title":"should export BaseComponent class","duration":0,"failureMessages":[]},{"ancestorTitles":["","UI Components Package Index Tests","Export Validation"],"fullName":" UI Components Package Index Tests Export Validation should export HelloWorld class","status":"passed","title":"should export HelloWorld class","duration":0,"failureMessages":[]},{"ancestorTitles":["","UI Components Package Index Tests","Export Validation"],"fullName":" UI Components Package Index Tests Export Validation should export only expected members","status":"passed","title":"should export only expected members","duration":1,"failureMessages":[]},{"ancestorTitles":["","UI Components Package Index Tests","Export Validation"],"fullName":" UI Components Package Index Tests Export Validation should maintain export consistency","status":"passed","title":"should maintain export consistency","duration":0,"failureMessages":[]},{"ancestorTitles":["","UI Components Package Index Tests","BaseComponent Export"],"fullName":" UI Components Package Index Tests BaseComponent Export should be the same class as the original","status":"passed","title":"should be the same class as the original","duration":0,"failureMessages":[]},{"ancestorTitles":["","UI Components Package Index Tests","BaseComponent Export"],"fullName":" UI Components Package Index Tests BaseComponent Export should have correct abstract methods","status":"passed","title":"should have correct abstract methods","duration":0,"failureMessages":[]},{"ancestorTitles":["","UI Components Package Index Tests","BaseComponent Export"],"fullName":" UI Components Package Index Tests BaseComponent Export should have lifecycle methods","status":"passed","title":"should have lifecycle methods","duration":0,"failureMessages":[]},{"ancestorTitles":["","UI Components Package Index Tests","BaseComponent Export"],"fullName":" UI Components Package Index Tests BaseComponent Export should be extendable","status":"passed","title":"should be extendable","duration":1,"failureMessages":[]},{"ancestorTitles":["","UI Components Package Index Tests","HelloWorld Export"],"fullName":" UI Components Package Index Tests HelloWorld Export should be the same class as the original","status":"passed","title":"should be the same class as the original","duration":0,"failureMessages":[]},{"ancestorTitles":["","UI Components Package Index Tests","HelloWorld Export"],"fullName":" UI Components Package Index Tests HelloWorld Export should extend BaseComponent","status":"passed","title":"should extend BaseComponent","duration":0,"failureMessages":[]},{"ancestorTitles":["","UI Components Package Index Tests","HelloWorld Export"],"fullName":" UI Components Package Index Tests HelloWorld Export should have required methods","status":"passed","title":"should have required methods","duration":0,"failureMessages":[]},{"ancestorTitles":["","UI Components Package Index Tests","HelloWorld Export"],"fullName":" UI Components Package Index Tests HelloWorld Export should produce expected output","status":"passed","title":"should produce expected output","duration":1,"failureMessages":[]},{"ancestorTitles":["","UI Components Package Index Tests","HelloWorld Export"],"fullName":" UI Components Package Index Tests HelloWorld Export should be registered as custom element","status":"passed","title":"should be registered as custom element","duration":0,"failureMessages":[]},{"ancestorTitles":["","UI Components Package Index Tests","Integration Tests"],"fullName":" UI Components Package Index Tests Integration Tests should work together in a real application","status":"passed","title":"should work together in a real application","duration":0,"failureMessages":[]},{"ancestorTitles":["","UI Components Package Index Tests","Integration Tests"],"fullName":" UI Components Package Index Tests Integration Tests should allow creating multiple instances","status":"passed","title":"should allow creating multiple instances","duration":0,"failureMessages":[]},{"ancestorTitles":["","UI Components Package Index Tests","Integration Tests"],"fullName":" UI Components Package Index Tests Integration Tests should maintain separate state for each instance","status":"passed","title":"should maintain separate state for each instance","duration":1,"failureMessages":[]},{"ancestorTitles":["","UI Components Package Index Tests","Type Safety"],"fullName":" UI Components Package Index Tests Type Safety should enforce correct types","status":"passed","title":"should enforce correct types","duration":0,"failureMessages":[]},{"ancestorTitles":["","UI Components Package Index Tests","Type Safety"],"fullName":" UI Components Package Index Tests Type Safety should support type inference","status":"passed","title":"should support type inference","duration":0,"failureMessages":[]},{"ancestorTitles":["","UI Components Package Index Tests","Type Safety"],"fullName":" UI Components Package Index Tests Type Safety should handle interface implementation","status":"passed","title":"should handle interface implementation","duration":0,"failureMessages":[]},{"ancestorTitles":["","UI Components Package Index Tests","Import Behavior"],"fullName":" UI Components Package Index Tests Import Behavior should support named imports","status":"passed","title":"should support named imports","duration":0,"failureMessages":[]},{"ancestorTitles":["","UI Components Package Index Tests","Import Behavior"],"fullName":" UI Components Package Index Tests Import Behavior should support default imports","status":"passed","title":"should support default imports","duration":0,"failureMessages":[]},{"ancestorTitles":["","UI Components Package Index Tests","Import Behavior"],"fullName":" UI Components Package Index Tests Import Behavior should support mixed imports","status":"passed","title":"should support mixed imports","duration":0,"failureMessages":[]},{"ancestorTitles":["","UI Components Package Index Tests","Runtime Behavior"],"fullName":" UI Components Package Index Tests Runtime Behavior should work at runtime","status":"passed","title":"should work at runtime","duration":0,"failureMessages":[]},{"ancestorTitles":["","UI Components Package Index Tests","Runtime Behavior"],"fullName":" UI Components Package Index Tests Runtime Behavior should handle multiple imports","status":"passed","title":"should handle multiple imports","duration":0,"failureMessages":[]},{"ancestorTitles":["","UI Components Package Index Tests","Runtime Behavior"],"fullName":" UI Components Package Index Tests Runtime Behavior should maintain class identity","status":"passed","title":"should maintain class identity","duration":0,"failureMessages":[]},{"ancestorTitles":["","UI Components Package Index Tests","Error Handling"],"fullName":" UI Components Package Index Tests Error Handling should handle invalid usage gracefully","status":"passed","title":"should handle invalid usage gracefully","duration":1,"failureMessages":[]},{"ancestorTitles":["","UI Components Package Index Tests","Error Handling"],"fullName":" UI Components Package Index Tests Error Handling should handle missing methods gracefully","status":"passed","title":"should handle missing methods gracefully","duration":0,"failureMessages":[]},{"ancestorTitles":["","UI Components Package Index Tests","Error Handling"],"fullName":" UI Components Package Index Tests Error Handling should handle invalid arguments gracefully","status":"passed","title":"should handle invalid arguments gracefully","duration":0,"failureMessages":[]},{"ancestorTitles":["","UI Components Package Index Tests","Performance Considerations"],"fullName":" UI Components Package Index Tests Performance Considerations should have minimal memory footprint","status":"passed","title":"should have minimal memory footprint","duration":0,"failureMessages":[]},{"ancestorTitles":["","UI Components Package Index Tests","Performance Considerations"],"fullName":" UI Components Package Index Tests Performance Considerations should allow tree shaking","status":"passed","title":"should allow tree shaking","duration":1,"failureMessages":[]},{"ancestorTitles":["","UI Components Package Index Tests","Performance Considerations"],"fullName":" UI Components Package Index Tests Performance Considerations should not have circular dependencies","status":"passed","title":"should not have circular dependencies","duration":0,"failureMessages":[]},{"ancestorTitles":["","UI Components Package Index Tests","Custom Element Registration"],"fullName":" UI Components Package Index Tests Custom Element Registration should register HelloWorld as custom element","status":"passed","title":"should register HelloWorld as custom element","duration":0,"failureMessages":[]},{"ancestorTitles":["","UI Components Package Index Tests","Custom Element Registration"],"fullName":" UI Components Package Index Tests Custom Element Registration should allow creating custom elements","status":"passed","title":"should allow creating custom elements","duration":0,"failureMessages":[]},{"ancestorTitles":["","UI Components Package Index Tests","Custom Element Registration"],"fullName":" UI Components Package Index Tests Custom Element Registration should handle custom element lifecycle","status":"passed","title":"should handle custom element lifecycle","duration":0,"failureMessages":[]},{"ancestorTitles":["","UI Components Package Index Tests","Module System Compatibility"],"fullName":" UI Components Package Index Tests Module System Compatibility should work with ES modules","status":"passed","title":"should work with ES modules","duration":0,"failureMessages":[]},{"ancestorTitles":["","UI Components Package Index Tests","Module System Compatibility"],"fullName":" UI Components Package Index Tests Module System Compatibility should work with CommonJS","status":"passed","title":"should work with CommonJS","duration":0,"failureMessages":[]},{"ancestorTitles":["","UI Components Package Index Tests","Module System Compatibility"],"fullName":" UI Components Package Index Tests Module System Compatibility should work with mixed module systems","status":"passed","title":"should work with mixed module systems","duration":0,"failureMessages":[]}],"startTime":1757210751572,"endTime":1757210751578,"status":"passed","message":"","name":"/Users/Zhuanz/Documents/project/bmad-link/tests/unit/ui-components/ui-components-index.test.ts"}]}